<?xml version="1.0" encoding="UTF-8"?>
<!-- Generated by org.testng.reporters.JUnitXMLReporter -->
<testsuite hostname="DESKTOP-ARH5PFA" ignored="0" name="Default test" tests="3" failures="0" timestamp="09 Nov 2019 03:46:30 GMT" time="99.903" errors="0">
  <testcase name="ValidLoginLogout" time="17.284" classname="com_ActiTime_Tests.ValidLoginLogoutTest"/>
  <testcase name="InvalidLogin" time="27.315" classname="com_ActiTime_Tests.InvalidLoginTest"/>
  <testcase name="Verifyversion" time="0.186" classname="com_ActiTime_Tests.VerifyversionTest"/>
</testsuite> <!-- Default test -->
