<?xml version="1.0" encoding="UTF-8"?>
<testng-results skipped="0" failed="0" ignored="0" total="3" passed="3">
  <reporter-output>
    <line>
      <![CDATA[title is matching actiTIME - Login]]>
    </line>
    <line>
      <![CDATA[title is matching actiTIME - Enter Time-Track]]>
    </line>
    <line>
      <![CDATA[title is matching actiTIME - Login]]>
    </line>
    <line>
      <![CDATA[user nameadmin]]>
    </line>
    <line>
      <![CDATA[passworddmanager]]>
    </line>
    <line>
      <![CDATA[element is  present]]>
    </line>
    <line>
      <![CDATA[This is the expected error msgUsername or Password is invalid. Please try again.]]>
    </line>
    <line>
      <![CDATA[---------------------------------------------]]>
    </line>
    <line>
      <![CDATA[user namegsp]]>
    </line>
    <line>
      <![CDATA[passwordjsp]]>
    </line>
    <line>
      <![CDATA[element is  present]]>
    </line>
    <line>
      <![CDATA[This is the expected error msgUsername or Password is invalid. Please try again.]]>
    </line>
    <line>
      <![CDATA[---------------------------------------------]]>
    </line>
    <line>
      <![CDATA[user name45.0]]>
    </line>
    <line>
      <![CDATA[passworda]]>
    </line>
    <line>
      <![CDATA[element is  present]]>
    </line>
    <line>
      <![CDATA[This is the expected error msgUsername or Password is invalid. Please try again.]]>
    </line>
    <line>
      <![CDATA[---------------------------------------------]]>
    </line>
    <line>
      <![CDATA[user namea]]>
    </line>
    <line>
      <![CDATA[password@]]>
    </line>
    <line>
      <![CDATA[element is  present]]>
    </line>
    <line>
      <![CDATA[This is the expected error msgUsername or Password is invalid. Please try again.]]>
    </line>
    <line>
      <![CDATA[---------------------------------------------]]>
    </line>
    <line>
      <![CDATA[title is matching actiTIME - Login]]>
    </line>
    <line>
      <![CDATA[element is  present]]>
    </line>
    <line>
      <![CDATA[versionactiTIME 2019.3 Pro]]>
    </line>
  </reporter-output>
  <suite name="Default suite" duration-ms="99903" started-at="2019-11-09T03:44:50Z" finished-at="2019-11-09T03:46:30Z">
    <groups>
    </groups>
    <test name="Default test" duration-ms="99903" started-at="2019-11-09T03:44:50Z" finished-at="2019-11-09T03:46:30Z">
      <class name="com_ActiTime_Tests.ValidLoginLogoutTest">
        <test-method status="PASS" signature="PreCondition()[pri:0, instance:com_ActiTime_Tests.ValidLoginLogoutTest@68c4039c]" name="PreCondition" is-config="true" duration-ms="19215" started-at="2019-11-09T03:44:50Z" finished-at="2019-11-09T03:45:10Z">
          <reporter-output>
          </reporter-output>
        </test-method> <!-- PreCondition -->
        <test-method status="PASS" signature="ValidLoginLogout()[pri:1, instance:com_ActiTime_Tests.ValidLoginLogoutTest@68c4039c]" name="ValidLoginLogout" duration-ms="17284" started-at="2019-11-09T03:45:10Z" finished-at="2019-11-09T03:45:27Z">
          <reporter-output>
            <line>
              <![CDATA[title is matching actiTIME - Login]]>
            </line>
            <line>
              <![CDATA[title is matching actiTIME - Enter Time-Track]]>
            </line>
          </reporter-output>
        </test-method> <!-- ValidLoginLogout -->
        <test-method status="PASS" signature="postCondition(org.testng.ITestResult)[pri:0, instance:com_ActiTime_Tests.ValidLoginLogoutTest@68c4039c]" name="postCondition" is-config="true" duration-ms="2457" started-at="2019-11-09T03:45:27Z" finished-at="2019-11-09T03:45:29Z">
          <params>
            <param index="0">
              <value>
                <![CDATA[[TestResult name=ValidLoginLogout status=SUCCESS method=ValidLoginLogoutTest.ValidLoginLogout()[pri:1, instance:com_ActiTime_Tests.ValidLoginLogoutTest@68c4039c] output=title is matching actiTIME - Login]]]>
              </value>
            </param>
          </params>
          <reporter-output>
          </reporter-output>
        </test-method> <!-- postCondition -->
      </class> <!-- com_ActiTime_Tests.ValidLoginLogoutTest -->
      <class name="com_ActiTime_Tests.InvalidLoginTest">
        <test-method status="PASS" signature="PreCondition()[pri:0, instance:com_ActiTime_Tests.InvalidLoginTest@ae45eb6]" name="PreCondition" is-config="true" duration-ms="15833" started-at="2019-11-09T03:45:29Z" finished-at="2019-11-09T03:45:45Z">
          <reporter-output>
          </reporter-output>
        </test-method> <!-- PreCondition -->
        <test-method status="PASS" signature="InvalidLogin()[pri:2, instance:com_ActiTime_Tests.InvalidLoginTest@ae45eb6]" name="InvalidLogin" duration-ms="27315" started-at="2019-11-09T03:45:45Z" finished-at="2019-11-09T03:46:12Z">
          <reporter-output>
            <line>
              <![CDATA[title is matching actiTIME - Login]]>
            </line>
            <line>
              <![CDATA[user nameadmin]]>
            </line>
            <line>
              <![CDATA[passworddmanager]]>
            </line>
            <line>
              <![CDATA[element is  present]]>
            </line>
            <line>
              <![CDATA[This is the expected error msgUsername or Password is invalid. Please try again.]]>
            </line>
            <line>
              <![CDATA[---------------------------------------------]]>
            </line>
            <line>
              <![CDATA[user namegsp]]>
            </line>
            <line>
              <![CDATA[passwordjsp]]>
            </line>
            <line>
              <![CDATA[element is  present]]>
            </line>
            <line>
              <![CDATA[This is the expected error msgUsername or Password is invalid. Please try again.]]>
            </line>
            <line>
              <![CDATA[---------------------------------------------]]>
            </line>
            <line>
              <![CDATA[user name45.0]]>
            </line>
            <line>
              <![CDATA[passworda]]>
            </line>
            <line>
              <![CDATA[element is  present]]>
            </line>
            <line>
              <![CDATA[This is the expected error msgUsername or Password is invalid. Please try again.]]>
            </line>
            <line>
              <![CDATA[---------------------------------------------]]>
            </line>
            <line>
              <![CDATA[user namea]]>
            </line>
            <line>
              <![CDATA[password@]]>
            </line>
            <line>
              <![CDATA[element is  present]]>
            </line>
            <line>
              <![CDATA[This is the expected error msgUsername or Password is invalid. Please try again.]]>
            </line>
            <line>
              <![CDATA[---------------------------------------------]]>
            </line>
          </reporter-output>
        </test-method> <!-- InvalidLogin -->
        <test-method status="PASS" signature="postCondition(org.testng.ITestResult)[pri:0, instance:com_ActiTime_Tests.InvalidLoginTest@ae45eb6]" name="postCondition" is-config="true" duration-ms="309" started-at="2019-11-09T03:46:12Z" finished-at="2019-11-09T03:46:13Z">
          <params>
            <param index="0">
              <value>
                <![CDATA[[TestResult name=InvalidLogin status=SUCCESS method=InvalidLoginTest.InvalidLogin()[pri:2, instance:com_ActiTime_Tests.InvalidLoginTest@ae45eb6] output=title is matching actiTIME - Login]]]>
              </value>
            </param>
          </params>
          <reporter-output>
          </reporter-output>
        </test-method> <!-- postCondition -->
      </class> <!-- com_ActiTime_Tests.InvalidLoginTest -->
      <class name="com_ActiTime_Tests.VerifyversionTest">
        <test-method status="PASS" signature="PreCondition()[pri:0, instance:com_ActiTime_Tests.VerifyversionTest@59f99ea]" name="PreCondition" is-config="true" duration-ms="17136" started-at="2019-11-09T03:46:13Z" finished-at="2019-11-09T03:46:30Z">
          <reporter-output>
          </reporter-output>
        </test-method> <!-- PreCondition -->
        <test-method status="PASS" signature="Verifyversion()[pri:3, instance:com_ActiTime_Tests.VerifyversionTest@59f99ea]" name="Verifyversion" duration-ms="186" started-at="2019-11-09T03:46:30Z" finished-at="2019-11-09T03:46:30Z">
          <reporter-output>
            <line>
              <![CDATA[title is matching actiTIME - Login]]>
            </line>
            <line>
              <![CDATA[element is  present]]>
            </line>
            <line>
              <![CDATA[versionactiTIME 2019.3 Pro]]>
            </line>
          </reporter-output>
        </test-method> <!-- Verifyversion -->
        <test-method status="PASS" signature="postCondition(org.testng.ITestResult)[pri:0, instance:com_ActiTime_Tests.VerifyversionTest@59f99ea]" name="postCondition" is-config="true" duration-ms="127" started-at="2019-11-09T03:46:30Z" finished-at="2019-11-09T03:46:30Z">
          <params>
            <param index="0">
              <value>
                <![CDATA[[TestResult name=Verifyversion status=SUCCESS method=VerifyversionTest.Verifyversion()[pri:3, instance:com_ActiTime_Tests.VerifyversionTest@59f99ea] output=title is matching actiTIME - Login]]]>
              </value>
            </param>
          </params>
          <reporter-output>
          </reporter-output>
        </test-method> <!-- postCondition -->
      </class> <!-- com_ActiTime_Tests.VerifyversionTest -->
    </test> <!-- Default test -->
  </suite> <!-- Default suite -->
</testng-results>
